<?xml version="1.0" encoding="utf-8"?><testsuites name="pytest tests"><testsuite name="pytest" errors="0" failures="0" skipped="0" tests="9" time="3.402" timestamp="2026-07-02T17:04:24.087644+00:00" hostname="agent-env-770d2490-ea40-4ff4-8928-c22d76048515"><testcase classname="tests.test_backend.TestPublicEndpoints" name="test_health_check" time="0.195" /><testcase classname="tests.test_backend.TestPublicEndpoints" name="test_contact_submission_success" time="0.255" /><testcase classname="tests.test_backend.TestAdminOperations" name="test_auth_me" time="0.528" /><testcase classname="tests.test_backend.TestPublicEndpoints" name="test_waitlist_signup_success" time="0.212" /><testcase classname="tests.test_backend.TestAdminSecurity" name="test_admin_endpoints_unauthorized" time="0.377" /><testcase classname="tests.test_backend.TestAdminOperations" name="test_submissions_crud_and_status_update_cycle" time="1.102" /><testcase classname="tests.test_backend.TestAdminSecurity" name="test_login_invalid_credentials" time="0.354" /><testcase classname="tests.test_backend.TestAdminOperations" name="test_waitlist_crud_and_delete_cycle" time="0.659" /><testcase classname="tests.test_backend.TestAdminOperations" name="test_logout" time="0.492" /></testsuite></testsuites>