<?xml version="1.0" encoding="utf-8"?><testsuites name="pytest tests"><testsuite name="pytest" errors="0" failures="0" skipped="0" tests="14" time="3.621" timestamp="2026-07-02T17:48:54.172389+00:00" hostname="agent-env-770d2490-ea40-4ff4-8928-c22d76048515"><testcase classname="tests.test_cors.TestCORS" name="test_cors_preflight_options_contact" time="0.089" /><testcase classname="tests.test_cors.TestCORS" name="test_cors_preflight_options_login" time="0.070" /><testcase classname="tests.test_cors.TestCORS" name="test_cors_headers_on_normal_get" time="0.291" /><testcase classname="tests.test_backend.TestAdminOperations" name="test_auth_me" time="0.527" /><testcase classname="tests.test_cors.TestCORS" name="test_cors_allow_credentials" time="0.199" /><testcase classname="tests.test_cors.TestCORS" name="test_cors_env_variable_loaded" time="0.000" /><testcase classname="tests.test_backend.TestPublicEndpoints" name="test_health_check" time="0.315" /><testcase classname="tests.test_backend.TestAdminOperations" name="test_submissions_crud_and_status_update_cycle" time="0.917" /><testcase classname="tests.test_backend.TestPublicEndpoints" name="test_contact_submission_success" time="0.126" /><testcase classname="tests.test_backend.TestPublicEndpoints" name="test_waitlist_signup_success" time="0.203" /><testcase classname="tests.test_backend.TestAdminSecurity" name="test_admin_endpoints_unauthorized" time="0.201" /><testcase classname="tests.test_backend.TestAdminSecurity" name="test_login_invalid_credentials" time="0.369" /><testcase classname="tests.test_backend.TestAdminOperations" name="test_waitlist_crud_and_delete_cycle" time="0.982" /><testcase classname="tests.test_backend.TestAdminOperations" name="test_logout" time="0.498" /></testsuite></testsuites>